<?xml version="1.0" encoding="UTF-8"?>
<!-- Generated by org.testng.reporters.JUnitXMLReporter -->
<testsuite hostname="DESKTOP-MNHHF5Q" ignored="0" name="Default test(failed)(failed)(failed)" tests="1" failures="1" timestamp="2020-05-23T15:35:08 IST" time="22.716" errors="0">
  <testcase name="validateTitle" time="0.045" classname="com.guru99.selenium.testng.MercuryToursHomePage">
    <failure type="java.lang.AssertionError" message="expected [Mercury Tours] but found [Welcome: Mercury Tours]">
      <![CDATA[java.lang.AssertionError: expected [Mercury Tours] but found [Welcome: Mercury Tours]
at com.guru99.selenium.testng.MercuryToursHomePage.validateTitle(MercuryToursHomePage.java:25)
at java.util.ArrayList.forEach(Unknown Source)
... Removed 32 stack frames]]>
    </failure>
  </testcase> <!-- validateTitle -->
</testsuite> <!-- Default test(failed)(failed)(failed) -->
